{"/Users/timothyfadayini/codebase/myWork/getir/app.ts": {"path":"/Users/timothyfadayini/codebase/myWork/getir/app.ts","statementMap":{"0":{"start":{"line":1,"column":0},"end":{"line":1,"column":35}},"1":{"start":{"line":2,"column":0},"end":{"line":2,"column":42}},"2":{"start":{"line":3,"column":0},"end":{"line":3,"column":40}},"3":{"start":{"line":4,"column":0},"end":{"line":4,"column":32}},"4":{"start":{"line":6,"column":0},"end":{"line":6,"column":9}},"5":{"start":{"line":8,"column":0},"end":{"line":8,"column":25}},"6":{"start":{"line":10,"column":12},"end":{"line":10,"column":21}},"7":{"start":{"line":18,"column":9},"end":{"line":18,"column":12}},"8":{"start":{"line":11,"column":0},"end":{"line":11,"column":27}},"9":{"start":{"line":12,"column":0},"end":{"line":12,"column":52}},"10":{"start":{"line":16,"column":0},"end":{"line":16,"column":16}}},"fnMap":{},"branchMap":{},"s":{"0":1,"1":1,"2":1,"3":1,"4":1,"5":1,"6":1,"7":1,"8":1,"9":1,"10":1},"f":{},"b":{}}
,"/Users/timothyfadayini/codebase/myWork/getir/controllers/RecordController.ts": {"path":"/Users/timothyfadayini/codebase/myWork/getir/controllers/RecordController.ts","statementMap":{"0":{"start":{"line":3,"column":0},"end":{"line":3,"column":43}},"1":{"start":{"line":5,"column":0},"end":{"line":5,"column":13}},"2":{"start":{"line":21,"column":10},"end":{"line":101,"column":null}},"3":{"start":{"line":23,"column":14},"end":{"line":23,"column":59}},"4":{"start":{"line":25,"column":8},"end":{"line":30,"column":null}},"5":{"start":{"line":26,"column":10},"end":{"line":29,"column":null}},"6":{"start":{"line":33,"column":14},"end":{"line":33,"column":73}},"7":{"start":{"line":34,"column":14},"end":{"line":34,"column":74}},"8":{"start":{"line":37,"column":24},"end":{"line":86,"column":null}},"9":{"start":{"line":37,"column":14},"end":{"line":86,"column":null}},"10":{"start":{"line":88,"column":8},"end":{"line":92,"column":null}},"11":{"start":{"line":96,"column":8},"end":{"line":99,"column":11}},"12":{"start":{"line":102,"column":2},"end":{"line":102,"column":null}},"13":{"start":{"line":5,"column":13},"end":{"line":5,"column":29}}},"fnMap":{"0":{"name":"(anonymous_13)","decl":{"start":{"line":5,"column":0},"end":{"line":5,"column":13}},"loc":{"start":{"line":5,"column":0},"end":{"line":102,"column":null}}},"1":{"name":"RecordController","decl":{"start":{"line":10,"column":4},"end":{"line":10,"column":21}},"loc":{"start":{"line":10,"column":4},"end":{"line":10,"column":22}}},"2":{"name":"(anonymous_15)","decl":{"start":{"line":21,"column":4},"end":{"line":21,"column":10}},"loc":{"start":{"line":21,"column":72},"end":{"line":101,"column":null}}}},"branchMap":{"0":{"loc":{"start":{"line":25,"column":8},"end":{"line":30,"column":null}},"type":"if","locations":[{"start":{"line":25,"column":8},"end":{"line":30,"column":null}},{"start":{"line":25,"column":8},"end":{"line":30,"column":null}}]},"1":{"loc":{"start":{"line":25,"column":11},"end":{"line":25,"column":33}},"type":"binary-expr","locations":[{"start":{"line":25,"column":11},"end":{"line":25,"column":33}},{"start":{"line":25,"column":37},"end":{"line":25,"column":57}}]}},"s":{"0":1,"1":1,"2":1,"3":1,"4":1,"5":0,"6":1,"7":1,"8":1,"9":1,"10":1,"11":0,"12":1,"13":1},"f":{"0":1,"1":1,"2":1},"b":{"0":[0,1],"1":[1,1]}}
,"/Users/timothyfadayini/codebase/myWork/getir/lib/db_conn.ts": {"path":"/Users/timothyfadayini/codebase/myWork/getir/lib/db_conn.ts","statementMap":{"0":{"start":{"line":1,"column":0},"end":{"line":1,"column":37}},"1":{"start":{"line":4,"column":0},"end":{"line":11,"column":7}},"2":{"start":{"line":14,"column":9},"end":{"line":14,"column":28}},"3":{"start":{"line":16,"column":0},"end":{"line":16,"column":74}},"4":{"start":{"line":16,"column":25},"end":{"line":16,"column":73}},"5":{"start":{"line":18,"column":0},"end":{"line":18,"column":75}},"6":{"start":{"line":19,"column":0},"end":{"line":19,"column":73}}},"fnMap":{"0":{"name":"(anonymous_0)","decl":{"start":{"line":16,"column":19},"end":{"line":16,"column":25}},"loc":{"start":{"line":16,"column":19},"end":{"line":16,"column":26}}}},"branchMap":{},"s":{"0":1,"1":1,"2":1,"3":1,"4":1,"5":1,"6":1},"f":{"0":1},"b":{}}
,"/Users/timothyfadayini/codebase/myWork/getir/middleware/routeError.ts": {"path":"/Users/timothyfadayini/codebase/myWork/getir/middleware/routeError.ts","statementMap":{"0":{"start":{"line":10,"column":29},"end":{"line":10,"column":58}},"1":{"start":{"line":20,"column":26},"end":{"line":35,"column":1}},"2":{"start":{"line":22,"column":21},"end":{"line":22,"column":47}},"3":{"start":{"line":24,"column":2},"end":{"line":31,"column":null}},"4":{"start":{"line":26,"column":4},"end":{"line":30,"column":7}},"5":{"start":{"line":34,"column":2},"end":{"line":34,"column":16}},"6":{"start":{"line":20,"column":13},"end":{"line":20,"column":26}}},"fnMap":{"0":{"name":"(anonymous_0)","decl":{"start":{"line":20,"column":26},"end":{"line":20,"column":27}},"loc":{"start":{"line":20,"column":83},"end":{"line":35,"column":1}}}},"branchMap":{"0":{"loc":{"start":{"line":24,"column":2},"end":{"line":31,"column":null}},"type":"if","locations":[{"start":{"line":24,"column":2},"end":{"line":31,"column":null}},{"start":{"line":24,"column":2},"end":{"line":31,"column":null}}]}},"s":{"0":1,"1":1,"2":1,"3":1,"4":0,"5":1,"6":1},"f":{"0":1},"b":{"0":[0,1]}}
,"/Users/timothyfadayini/codebase/myWork/getir/models/records.ts": {"path":"/Users/timothyfadayini/codebase/myWork/getir/models/records.ts","statementMap":{"0":{"start":{"line":1,"column":17},"end":{"line":1,"column":36}},"1":{"start":{"line":3,"column":19},"end":{"line":16,"column":2}},"2":{"start":{"line":18,"column":13},"end":{"line":18,"column":62}}},"fnMap":{},"branchMap":{},"s":{"0":1,"1":1,"2":1},"f":{},"b":{}}
,"/Users/timothyfadayini/codebase/myWork/getir/routes/index.ts": {"path":"/Users/timothyfadayini/codebase/myWork/getir/routes/index.ts","statementMap":{"0":{"start":{"line":2,"column":0},"end":{"line":2,"column":35}},"1":{"start":{"line":6,"column":0},"end":{"line":6,"column":42}},"2":{"start":{"line":7,"column":0},"end":{"line":7,"column":67}},"3":{"start":{"line":8,"column":0},"end":{"line":8,"column":54}},"4":{"start":{"line":10,"column":15},"end":{"line":10,"column":31}},"5":{"start":{"line":39,"column":19},"end":{"line":39,"column":25}},"6":{"start":{"line":11,"column":25},"end":{"line":11,"column":47}},"7":{"start":{"line":16,"column":0},"end":{"line":26,"column":2}},"8":{"start":{"line":32,"column":0},"end":{"line":37,"column":3}},"9":{"start":{"line":33,"column":3},"end":{"line":36,"column":null}}},"fnMap":{"0":{"name":"(anonymous_0)","decl":{"start":{"line":32,"column":11},"end":{"line":32,"column":12}},"loc":{"start":{"line":32,"column":68},"end":{"line":37,"column":1}}}},"branchMap":{},"s":{"0":1,"1":1,"2":1,"3":1,"4":1,"5":1,"6":1,"7":1,"8":1,"9":0},"f":{"0":0},"b":{}}
}
